<?xml version="1.0" encoding="UTF-8"?>
<!-- Generated by org.testng.reporters.JUnitXMLReporter -->
<testsuite ignored="0" hostname="Harshiiii" failures="0" tests="3" name="Default test" time="2.763" errors="0" timestamp="2024-12-01T23:55:23 GMT-05:00">
  <testcase classname="com.example.api.APITest" name="testAllPosts" time="2.422"/>
  <testcase classname="com.example.api.APITest" name="testGetRequest" time="0.11"/>
  <testcase classname="com.example.api.APITest" name="testPostRequest" time="0.163"/>
</testsuite> <!-- Default test -->
